<?xml version="1.0" encoding="UTF-8"?>
<!-- Generated by org.testng.reporters.JUnitReportReporter -->
<testsuite skipped="0" hostname="SubhadeepLaptop" name="testRunner.BankTestRunner" tests="1" failures="0" timestamp="13 Oct 2021 18:38:24 GMT" time="76.455" errors="0">
  <testcase name="feature" time="76.455" classname="testRunner.BankTestRunner"/>
</testsuite> <!-- testRunner.BankTestRunner -->
